Using pre-set license
Built from '2021.3/staging' branch; Version is '2021.3.21f1 (1b156197d683) revision 1774945'; Using compiler version '192829333'; Build Type 'Release'
OS: 'Windows 10  (10.0.19045) 64bit Professional' Language: 'ko' Physical Memory: 15557 MB
BatchMode: 1, IsHumanControllingUs: 0, StartBugReporterOnCrash: 0, Is64bit: 1, IsPro: 1

COMMAND LINE ARGUMENTS:
C:\Program Files\Unity\Hub\Editor\2021.3.21f1\Editor\Unity.exe
-adb2
-batchMode
-noUpm
-name
AssetImportWorker0
-projectPath
C:/Users/YBK/Documents/GitHub/Game-jam
-logFile
Logs/AssetImportWorker0.log
-srvPort
6085
Successfully changed project path to: C:/Users/YBK/Documents/GitHub/Game-jam
C:/Users/YBK/Documents/GitHub/Game-jam
[UnityMemory] Configuration Parameters - Can be set up in boot.config
    "memorysetup-bucket-allocator-granularity=16"
    "memorysetup-bucket-allocator-bucket-count=8"
    "memorysetup-bucket-allocator-block-size=33554432"
    "memorysetup-bucket-allocator-block-count=8"
    "memorysetup-main-allocator-block-size=16777216"
    "memorysetup-thread-allocator-block-size=16777216"
    "memorysetup-gfx-main-allocator-block-size=16777216"
    "memorysetup-gfx-thread-allocator-block-size=16777216"
    "memorysetup-cache-allocator-block-size=4194304"
    "memorysetup-typetree-allocator-block-size=2097152"
    "memorysetup-profiler-bucket-allocator-granularity=16"
    "memorysetup-profiler-bucket-allocator-bucket-count=8"
    "memorysetup-profiler-bucket-allocator-block-size=33554432"
    "memorysetup-profiler-bucket-allocator-block-count=8"
    "memorysetup-profiler-allocator-block-size=16777216"
    "memorysetup-profiler-editor-allocator-block-size=1048576"
    "memorysetup-temp-allocator-size-main=16777216"
    "memorysetup-job-temp-allocator-block-size=2097152"
    "memorysetup-job-temp-allocator-block-size-background=1048576"
    "memorysetup-job-temp-allocator-reduction-small-platforms=262144"
    "memorysetup-temp-allocator-size-background-worker=32768"
    "memorysetup-temp-allocator-size-job-worker=262144"
    "memorysetup-temp-allocator-size-preload-manager=33554432"
    "memorysetup-temp-allocator-size-nav-mesh-worker=65536"
    "memorysetup-temp-allocator-size-audio-worker=65536"
    "memorysetup-temp-allocator-size-cloud-worker=32768"
    "memorysetup-temp-allocator-size-gi-baking-worker=262144"
    "memorysetup-temp-allocator-size-gfx=262144"
Player connection [10452] Host "[IP] 172.30.1.58 [Port] 0 [Flags] 2 [Guid] 781573286 [EditorId] 781573286 [Version] 1048832 [Id] WindowsEditor(7,DESKTOP-R79OH9G) [Debug] 1 [PackageName] WindowsEditor [ProjectName] Editor" joined multi-casting on [225.0.0.222:54997]...

Player connection [10452] Host "[IP] 172.30.1.58 [Port] 0 [Flags] 2 [Guid] 781573286 [EditorId] 781573286 [Version] 1048832 [Id] WindowsEditor(7,DESKTOP-R79OH9G) [Debug] 1 [PackageName] WindowsEditor [ProjectName] Editor" joined alternative multi-casting on [225.0.0.222:34997]...

Refreshing native plugins compatible for Editor in 75.40 ms, found 4 plugins.
Preloading 0 native plugins for Editor in 0.00 ms.
Initialize engine version: 2021.3.21f1 (1b156197d683)
[Subsystems] Discovering subsystems at path C:/Program Files/Unity/Hub/Editor/2021.3.21f1/Editor/Data/Resources/UnitySubsystems
[Subsystems] Discovering subsystems at path C:/Users/YBK/Documents/GitHub/Game-jam/Assets
GfxDevice: creating device client; threaded=0; jobified=0
Direct3D:
    Version:  Direct3D 11.0 [level 11.1]
    Renderer: NVIDIA GeForce RTX 3060 Laptop GPU (ID=0x2560)
    Vendor:   NVIDIA
    VRAM:     6009 MB
    Driver:   31.0.15.3734
Initialize mono
Mono path[0] = 'C:/Program Files/Unity/Hub/Editor/2021.3.21f1/Editor/Data/Managed'
Mono path[1] = 'C:/Program Files/Unity/Hub/Editor/2021.3.21f1/Editor/Data/MonoBleedingEdge/lib/mono/unityjit-win32'
Mono config path = 'C:/Program Files/Unity/Hub/Editor/2021.3.21f1/Editor/Data/MonoBleedingEdge/etc'
Using monoOptions --debugger-agent=transport=dt_socket,embedding=1,server=y,suspend=n,address=127.0.0.1:56524
Begin MonoManager ReloadAssembly
Registering precompiled unity dll's ...
Register platform support module: C:/Program Files/Unity/Hub/Editor/2021.3.21f1/Editor/Data/PlaybackEngines/WebGLSupport/UnityEditor.WebGL.Extensions.dll
Register platform support module: C:/Program Files/Unity/Hub/Editor/2021.3.21f1/Editor/Data/PlaybackEngines/AndroidPlayer/UnityEditor.Android.Extensions.dll
Register platform support module: C:/Program Files/Unity/Hub/Editor/2021.3.21f1/Editor/Data/PlaybackEngines/WindowsStandaloneSupport/UnityEditor.WindowsStandalone.Extensions.dll
Registered in 0.014666 seconds.
Native extension for WindowsStandalone target not found
Native extension for Android target not found
Android Extension - Scanning For ADB Devices 363 ms
Native extension for WebGL target not found
Refreshing native plugins compatible for Editor in 65.71 ms, found 4 plugins.
Preloading 0 native plugins for Editor in 0.00 ms.
Mono: successfully reloaded assembly
- Completed reload, in  0.934 seconds
Domain Reload Profiling:
	ReloadAssembly (934ms)
		BeginReloadAssembly (90ms)
			ExecutionOrderSort (0ms)
			DisableScriptedObjects (0ms)
			BackupInstance (0ms)
			ReleaseScriptingObjects (0ms)
			CreateAndSetChildDomain (1ms)
		EndReloadAssembly (748ms)
			LoadAssemblies (88ms)
			RebuildTransferFunctionScriptingTraits (0ms)
			SetupTypeCache (87ms)
			ReleaseScriptCaches (0ms)
			RebuildScriptCaches (19ms)
			SetupLoadedEditorAssemblies (593ms)
				LogAssemblyErrors (0ms)
				InitializePlatformSupportModulesInManaged (418ms)
				SetLoadedEditorAssemblies (0ms)
				RefreshPlugins (66ms)
				BeforeProcessingInitializeOnLoad (1ms)
				ProcessInitializeOnLoadAttributes (70ms)
				ProcessInitializeOnLoadMethodAttributes (38ms)
				AfterProcessingInitializeOnLoad (0ms)
				EditorAssembliesLoaded (0ms)
			ExecutionOrderSort2 (0ms)
			AwakeInstancesAfterBackupRestoration (0ms)
Platform modules already initialized, skipping
Registering precompiled user dll's ...
Registered in 0.011206 seconds.
Begin MonoManager ReloadAssembly
Symbol file LoadedFromMemory doesn't match image C:\Users\YBK\Documents\GitHub\Game-jam\Library\PackageCache\com.unity.visualscripting@1.8.0\Editor\VisualScripting.Core\Dependencies\YamlDotNet\Unity.VisualScripting.YamlDotNet.dll
Symbol file LoadedFromMemory doesn't match image C:\Users\YBK\Documents\GitHub\Game-jam\Library\PackageCache\com.unity.visualscripting@1.8.0\Editor\VisualScripting.Core\Dependencies\DotNetZip\Unity.VisualScripting.IonicZip.dll
Native extension for WindowsStandalone target not found
Native extension for Android target not found
Native extension for WebGL target not found
Refreshing native plugins compatible for Editor in 64.06 ms, found 4 plugins.
Preloading 0 native plugins for Editor in 0.00 ms.
Mono: successfully reloaded assembly
- Completed reload, in  0.928 seconds
Domain Reload Profiling:
	ReloadAssembly (928ms)
		BeginReloadAssembly (118ms)
			ExecutionOrderSort (0ms)
			DisableScriptedObjects (4ms)
			BackupInstance (0ms)
			ReleaseScriptingObjects (0ms)
			CreateAndSetChildDomain (18ms)
		EndReloadAssembly (710ms)
			LoadAssemblies (109ms)
			RebuildTransferFunctionScriptingTraits (0ms)
			SetupTypeCache (178ms)
			ReleaseScriptCaches (1ms)
			RebuildScriptCaches (39ms)
			SetupLoadedEditorAssemblies (367ms)
				LogAssemblyErrors (0ms)
				InitializePlatformSupportModulesInManaged (18ms)
				SetLoadedEditorAssemblies (0ms)
				RefreshPlugins (64ms)
				BeforeProcessingInitializeOnLoad (86ms)
				ProcessInitializeOnLoadAttributes (156ms)
				ProcessInitializeOnLoadMethodAttributes (29ms)
				AfterProcessingInitializeOnLoad (13ms)
				EditorAssembliesLoaded (0ms)
			ExecutionOrderSort2 (0ms)
			AwakeInstancesAfterBackupRestoration (11ms)
Platform modules already initialized, skipping
========================================================================
Worker process is ready to serve import requests
Launched and connected shader compiler UnityShaderCompiler.exe after 0.05 seconds
Refreshing native plugins compatible for Editor in 0.62 ms, found 4 plugins.
Preloading 0 native plugins for Editor in 0.00 ms.
Unloading 3752 Unused Serialized files (Serialized files now loaded: 0)
Unloading 41 unused Assets / (229.0 KB). Loaded Objects now: 4208.
Memory consumption went from 143.2 MB to 143.0 MB.
Total: 2.974700 ms (FindLiveObjects: 0.246600 ms CreateObjectMapping: 0.082700 ms MarkObjects: 2.477400 ms  DeleteObjects: 0.167000 ms)

AssetImportParameters requested are different than current active one (requested -> active):
  custom:video-decoder-ogg-theora: a1e56fd34408186e4bbccfd4996cb3dc -> 
  custom:container-muxer-webm: aa71ff27fc2769a1b78a27578f13a17b -> 
  custom:container-demuxer-webm: 4f35f7cbe854078d1ac9338744f61a02 -> 
  custom:video-encoder-webm-vp8: eb34c28f22e8b96e1ab97ce403110664 -> 
  custom:audio-encoder-webm-vorbis: bf7c407c2cedff20999df2af8eb42d56 -> 
  custom:framework-win-MediaFoundation: 216162199b28c13a410421893ffa2e32 -> 
  custom:container-demuxer-ogg: 62fdf1f143b41e24485cea50d1cbac27 -> 
  custom:video-decoder-webm-vp8: 9c59270c3fd7afecdb556c50c9e8de78 -> 
  custom:audio-decoder-ogg-vorbis: bf7c407c2cedff20999df2af8eb42d56 -> 
========================================================================
Received Import Request.
  Time since last request: 672963.239932 seconds.
  path: Assets/Scenes/scn_3.unity
  artifactKey: Guid(0beabb7a5bf80e7418c3f86d2a7eca3e) Importer(815301076,1909f56bfc062723c751e8b465ee728b)
Start importing Assets/Scenes/scn_3.unity using Guid(0beabb7a5bf80e7418c3f86d2a7eca3e) Importer(815301076,1909f56bfc062723c751e8b465ee728b)  -> (artifact id: 'a27e386ce817a0b499919145a63e3817') in 0.014524 seconds 
========================================================================
Received Import Request.
  Time since last request: 9.729270 seconds.
  path: Assets/Scenes/scn_2.unity
  artifactKey: Guid(a78c9004d5cd2b64f91beaa6ead44cf9) Importer(815301076,1909f56bfc062723c751e8b465ee728b)
Start importing Assets/Scenes/scn_2.unity using Guid(a78c9004d5cd2b64f91beaa6ead44cf9) Importer(815301076,1909f56bfc062723c751e8b465ee728b)  -> (artifact id: '1ffdcacded7aa32cbc4aaa790cab2b8d') in 0.003139 seconds 
========================================================================
Received Import Request.
  Time since last request: 10.388972 seconds.
  path: Assets/Scenes/scn_4.unity
  artifactKey: Guid(b4c62c6d9e08c304eb90c92f3a3bc7e8) Importer(815301076,1909f56bfc062723c751e8b465ee728b)
Start importing Assets/Scenes/scn_4.unity using Guid(b4c62c6d9e08c304eb90c92f3a3bc7e8) Importer(815301076,1909f56bfc062723c751e8b465ee728b)  -> (artifact id: 'd0a3daac4e4092ae109d05f9560d312a') in 0.008253 seconds 
========================================================================
Received Import Request.
  Time since last request: 7.039837 seconds.
  path: Assets/Scenes/scn_5.unity
  artifactKey: Guid(7539d4bef5b49c743989f11fb97ec12c) Importer(815301076,1909f56bfc062723c751e8b465ee728b)
Start importing Assets/Scenes/scn_5.unity using Guid(7539d4bef5b49c743989f11fb97ec12c) Importer(815301076,1909f56bfc062723c751e8b465ee728b)  -> (artifact id: '9e42f0ebb76970f4a075df2dd87996d4') in 0.007944 seconds 
========================================================================
Received Import Request.
  Time since last request: 8.919398 seconds.
  path: Assets/Scenes/scn_6.unity
  artifactKey: Guid(8ccdf109ddbd6e94498db50a32e40ee4) Importer(815301076,1909f56bfc062723c751e8b465ee728b)
Start importing Assets/Scenes/scn_6.unity using Guid(8ccdf109ddbd6e94498db50a32e40ee4) Importer(815301076,1909f56bfc062723c751e8b465ee728b)  -> (artifact id: 'bd3c2eb147b01613a00950baeb9df9cc') in 0.007455 seconds 
========================================================================
Received Import Request.
  Time since last request: 5.838675 seconds.
  path: Assets/Scenes/scn_7.unity
  artifactKey: Guid(3e1c47005538c7049b90d5789800fc92) Importer(815301076,1909f56bfc062723c751e8b465ee728b)
Start importing Assets/Scenes/scn_7.unity using Guid(3e1c47005538c7049b90d5789800fc92) Importer(815301076,1909f56bfc062723c751e8b465ee728b)  -> (artifact id: '49aab8e4b69fecc3300da11257e969ff') in 0.007800 seconds 
========================================================================
Received Import Request.
  Time since last request: 6.881806 seconds.
  path: Assets/Scenes/scn_8.unity
  artifactKey: Guid(52e2b6dae1e14ee40a5bd520a477feb1) Importer(815301076,1909f56bfc062723c751e8b465ee728b)
Start importing Assets/Scenes/scn_8.unity using Guid(52e2b6dae1e14ee40a5bd520a477feb1) Importer(815301076,1909f56bfc062723c751e8b465ee728b)  -> (artifact id: '888898c9d048577393d73cb5458dd189') in 0.008975 seconds 
========================================================================
Received Import Request.
  Time since last request: 5.774556 seconds.
  path: Assets/Scenes/scn_9.unity
  artifactKey: Guid(4500c793bd3f21947a6a3dcd88d528ee) Importer(815301076,1909f56bfc062723c751e8b465ee728b)
Start importing Assets/Scenes/scn_9.unity using Guid(4500c793bd3f21947a6a3dcd88d528ee) Importer(815301076,1909f56bfc062723c751e8b465ee728b)  -> (artifact id: 'dc03916751c0987366f679b58fbaed16') in 0.008038 seconds 
========================================================================
Received Import Request.
  Time since last request: 7.287556 seconds.
  path: Assets/Scenes/scn_10.unity
  artifactKey: Guid(a7c620eaabc9e6944b13a09c1e728f34) Importer(815301076,1909f56bfc062723c751e8b465ee728b)
Start importing Assets/Scenes/scn_10.unity using Guid(a7c620eaabc9e6944b13a09c1e728f34) Importer(815301076,1909f56bfc062723c751e8b465ee728b)  -> (artifact id: '68aa86d9f4a2638c967e6fa99242e59f') in 0.007652 seconds 
========================================================================
Received Import Request.
  Time since last request: 8.377815 seconds.
  path: Assets/Scenes/scn_11.unity
  artifactKey: Guid(1361bc1b82ac0604eafa0ff2f2c7d782) Importer(815301076,1909f56bfc062723c751e8b465ee728b)
Start importing Assets/Scenes/scn_11.unity using Guid(1361bc1b82ac0604eafa0ff2f2c7d782) Importer(815301076,1909f56bfc062723c751e8b465ee728b)  -> (artifact id: 'dff2d9848ea2d163c622e0702e97e7c9') in 0.008161 seconds 
========================================================================
Received Import Request.
  Time since last request: 7.465279 seconds.
  path: Assets/Scenes/scn_12.unity
  artifactKey: Guid(e31dfa6768e767c4b97320cf3b07697d) Importer(815301076,1909f56bfc062723c751e8b465ee728b)
Start importing Assets/Scenes/scn_12.unity using Guid(e31dfa6768e767c4b97320cf3b07697d) Importer(815301076,1909f56bfc062723c751e8b465ee728b)  -> (artifact id: '115a0db64bcbac8b884396eeac05dd2f') in 0.007799 seconds 
========================================================================
Received Import Request.
  Time since last request: 5.637177 seconds.
  path: Assets/Scenes/scn_13.unity
  artifactKey: Guid(8c0d5a9fd10a95c458338cdfb5a9e657) Importer(815301076,1909f56bfc062723c751e8b465ee728b)
Start importing Assets/Scenes/scn_13.unity using Guid(8c0d5a9fd10a95c458338cdfb5a9e657) Importer(815301076,1909f56bfc062723c751e8b465ee728b)  -> (artifact id: '54a08ddd5119b123b8664c105ec0e13f') in 0.007890 seconds 
========================================================================
Received Import Request.
  Time since last request: 5.650130 seconds.
  path: Assets/Scenes/scn_14.unity
  artifactKey: Guid(9341c3a118910454fa0c0842c8b62f27) Importer(815301076,1909f56bfc062723c751e8b465ee728b)
Start importing Assets/Scenes/scn_14.unity using Guid(9341c3a118910454fa0c0842c8b62f27) Importer(815301076,1909f56bfc062723c751e8b465ee728b)  -> (artifact id: 'a16984abb5842f636c6cd848b16eceee') in 0.008167 seconds 
========================================================================
Received Import Request.
  Time since last request: 9.361690 seconds.
  path: Assets/Scenes/scn_15.unity
  artifactKey: Guid(bb54ca8e9dd3ce84596f1575d5e35075) Importer(815301076,1909f56bfc062723c751e8b465ee728b)
Start importing Assets/Scenes/scn_15.unity using Guid(bb54ca8e9dd3ce84596f1575d5e35075) Importer(815301076,1909f56bfc062723c751e8b465ee728b)  -> (artifact id: '778bbf163fce999f7ae3dc70f0313e27') in 0.007992 seconds 
========================================================================
Received Import Request.
  Time since last request: 7.512742 seconds.
  path: Assets/Scenes/scn_16.unity
  artifactKey: Guid(e6ea675d968f7c7428e0e45cc68cb9ad) Importer(815301076,1909f56bfc062723c751e8b465ee728b)
Start importing Assets/Scenes/scn_16.unity using Guid(e6ea675d968f7c7428e0e45cc68cb9ad) Importer(815301076,1909f56bfc062723c751e8b465ee728b)  -> (artifact id: '3f0200b3b9ddcb9bd9fd2210522e4fe1') in 0.008707 seconds 
========================================================================
Received Import Request.
  Time since last request: 7.194992 seconds.
  path: Assets/Scenes/scn_17.unity
  artifactKey: Guid(ad7a6946b2e1cd9418afb8628ab342ab) Importer(815301076,1909f56bfc062723c751e8b465ee728b)
Start importing Assets/Scenes/scn_17.unity using Guid(ad7a6946b2e1cd9418afb8628ab342ab) Importer(815301076,1909f56bfc062723c751e8b465ee728b)  -> (artifact id: '363ba8ea7134df689e9d6ea5e0039028') in 0.008028 seconds 
========================================================================
Received Import Request.
  Time since last request: 7.524541 seconds.
  path: Assets/Scenes/scn_18.unity
  artifactKey: Guid(b3ba6648e1ea8b946b8bf386fa3c34a3) Importer(815301076,1909f56bfc062723c751e8b465ee728b)
Start importing Assets/Scenes/scn_18.unity using Guid(b3ba6648e1ea8b946b8bf386fa3c34a3) Importer(815301076,1909f56bfc062723c751e8b465ee728b)  -> (artifact id: 'd4937f480f60470344a20ea30f3278a8') in 0.008288 seconds 
========================================================================
Received Import Request.
  Time since last request: 7.509971 seconds.
  path: Assets/Scenes/scn_19.unity
  artifactKey: Guid(95f14401c4bc3004887f86d799276df7) Importer(815301076,1909f56bfc062723c751e8b465ee728b)
Start importing Assets/Scenes/scn_19.unity using Guid(95f14401c4bc3004887f86d799276df7) Importer(815301076,1909f56bfc062723c751e8b465ee728b)  -> (artifact id: 'a49d101bff74a93ec591ea13eee00817') in 0.008705 seconds 
========================================================================
Received Import Request.
  Time since last request: 6.144804 seconds.
  path: Assets/Scenes/scn_fin.unity
  artifactKey: Guid(837efeef334104148881e28ea60f9236) Importer(815301076,1909f56bfc062723c751e8b465ee728b)
Start importing Assets/Scenes/scn_fin.unity using Guid(837efeef334104148881e28ea60f9236) Importer(815301076,1909f56bfc062723c751e8b465ee728b)  -> (artifact id: '3bf7084db1398f40be625fe81c5fe90d') in 0.007984 seconds 
========================================================================
Received Import Request.
  Time since last request: 10.118920 seconds.
  path: Assets/Scenes/scn_1.unity
  artifactKey: Guid(a34c776ae591fa64585187fc99d7ef25) Importer(815301076,1909f56bfc062723c751e8b465ee728b)
Start importing Assets/Scenes/scn_1.unity using Guid(a34c776ae591fa64585187fc99d7ef25) Importer(815301076,1909f56bfc062723c751e8b465ee728b)  -> (artifact id: '92e3722a19e68204884c43b8555f77e8') in 0.002583 seconds 
========================================================================
Received Prepare
Registering precompiled user dll's ...
Registered in 0.010360 seconds.
Begin MonoManager ReloadAssembly
Symbol file LoadedFromMemory doesn't match image C:\Users\YBK\Documents\GitHub\Game-jam\Library\PackageCache\com.unity.visualscripting@1.8.0\Editor\VisualScripting.Core\Dependencies\YamlDotNet\Unity.VisualScripting.YamlDotNet.dll
Symbol file LoadedFromMemory doesn't match image C:\Users\YBK\Documents\GitHub\Game-jam\Library\PackageCache\com.unity.visualscripting@1.8.0\Editor\VisualScripting.Core\Dependencies\DotNetZip\Unity.VisualScripting.IonicZip.dll
Native extension for WindowsStandalone target not found
Native extension for Android target not found
Native extension for WebGL target not found
Refreshing native plugins compatible for Editor in 0.64 ms, found 4 plugins.
Preloading 0 native plugins for Editor in 0.00 ms.
Mono: successfully reloaded assembly
- Completed reload, in  0.863 seconds
Domain Reload Profiling:
	ReloadAssembly (864ms)
		BeginReloadAssembly (146ms)
			ExecutionOrderSort (0ms)
			DisableScriptedObjects (5ms)
			BackupInstance (0ms)
			ReleaseScriptingObjects (0ms)
			CreateAndSetChildDomain (34ms)
		EndReloadAssembly (631ms)
			LoadAssemblies (108ms)
			RebuildTransferFunctionScriptingTraits (0ms)
			SetupTypeCache (191ms)
			ReleaseScriptCaches (2ms)
			RebuildScriptCaches (33ms)
			SetupLoadedEditorAssemblies (273ms)
				LogAssemblyErrors (0ms)
				InitializePlatformSupportModulesInManaged (20ms)
				SetLoadedEditorAssemblies (0ms)
				RefreshPlugins (1ms)
				BeforeProcessingInitializeOnLoad (66ms)
				ProcessInitializeOnLoadAttributes (149ms)
				ProcessInitializeOnLoadMethodAttributes (25ms)
				AfterProcessingInitializeOnLoad (12ms)
				EditorAssembliesLoaded (0ms)
			ExecutionOrderSort2 (0ms)
			AwakeInstancesAfterBackupRestoration (13ms)
Platform modules already initialized, skipping
Refreshing native plugins compatible for Editor in 2.79 ms, found 4 plugins.
Preloading 0 native plugins for Editor in 0.00 ms.
Unloading 3747 Unused Serialized files (Serialized files now loaded: 0)
Unloading 28 unused Assets / (195.3 KB). Loaded Objects now: 4211.
Memory consumption went from 142.7 MB to 142.5 MB.
Total: 2.427500 ms (FindLiveObjects: 0.218200 ms CreateObjectMapping: 0.072300 ms MarkObjects: 2.025800 ms  DeleteObjects: 0.110500 ms)

AssetImportParameters requested are different than current active one (requested -> active):
  custom:video-decoder-ogg-theora: a1e56fd34408186e4bbccfd4996cb3dc -> 
  custom:container-muxer-webm: aa71ff27fc2769a1b78a27578f13a17b -> 
  custom:container-demuxer-webm: 4f35f7cbe854078d1ac9338744f61a02 -> 
  custom:video-encoder-webm-vp8: eb34c28f22e8b96e1ab97ce403110664 -> 
  custom:audio-encoder-webm-vorbis: bf7c407c2cedff20999df2af8eb42d56 -> 
  custom:framework-win-MediaFoundation: 216162199b28c13a410421893ffa2e32 -> 
  custom:container-demuxer-ogg: 62fdf1f143b41e24485cea50d1cbac27 -> 
  custom:video-decoder-webm-vp8: 9c59270c3fd7afecdb556c50c9e8de78 -> 
  custom:audio-decoder-ogg-vorbis: bf7c407c2cedff20999df2af8eb42d56 -> 
========================================================================
Received Import Request.
  Time since last request: 156.035502 seconds.
  path: Assets/Scenes/scn_3.unity
  artifactKey: Guid(0beabb7a5bf80e7418c3f86d2a7eca3e) Importer(815301076,1909f56bfc062723c751e8b465ee728b)
Start importing Assets/Scenes/scn_3.unity using Guid(0beabb7a5bf80e7418c3f86d2a7eca3e) Importer(815301076,1909f56bfc062723c751e8b465ee728b)  -> (artifact id: '8824e54fbaf7e59279deec3fc5a6fc87') in 0.008265 seconds 
========================================================================
Received Import Request.
  Time since last request: 11.230975 seconds.
  path: Assets/Scenes/scn_4.unity
  artifactKey: Guid(b4c62c6d9e08c304eb90c92f3a3bc7e8) Importer(815301076,1909f56bfc062723c751e8b465ee728b)
Start importing Assets/Scenes/scn_4.unity using Guid(b4c62c6d9e08c304eb90c92f3a3bc7e8) Importer(815301076,1909f56bfc062723c751e8b465ee728b)  -> (artifact id: '8bc78b92812e22c0dfaeabf453a0ca7a') in 0.002544 seconds 
========================================================================
Received Import Request.
  Time since last request: 11.458249 seconds.
  path: Assets/Scenes/scn_4.unity
  artifactKey: Guid(b4c62c6d9e08c304eb90c92f3a3bc7e8) Importer(815301076,1909f56bfc062723c751e8b465ee728b)
Start importing Assets/Scenes/scn_4.unity using Guid(b4c62c6d9e08c304eb90c92f3a3bc7e8) Importer(815301076,1909f56bfc062723c751e8b465ee728b)  -> (artifact id: '6b1c2a00dc330290b96b9289b9158843') in 0.002622 seconds 
========================================================================
Received Import Request.
  Time since last request: 3.855086 seconds.
  path: Assets/Scenes/scn_5.unity
  artifactKey: Guid(7539d4bef5b49c743989f11fb97ec12c) Importer(815301076,1909f56bfc062723c751e8b465ee728b)
Start importing Assets/Scenes/scn_5.unity using Guid(7539d4bef5b49c743989f11fb97ec12c) Importer(815301076,1909f56bfc062723c751e8b465ee728b)  -> (artifact id: 'f034a56092c12608ef143b3c392b7284') in 0.002548 seconds 
========================================================================
Received Import Request.
  Time since last request: 5.251558 seconds.
  path: Assets/Scenes/scn_6.unity
  artifactKey: Guid(8ccdf109ddbd6e94498db50a32e40ee4) Importer(815301076,1909f56bfc062723c751e8b465ee728b)
Start importing Assets/Scenes/scn_6.unity using Guid(8ccdf109ddbd6e94498db50a32e40ee4) Importer(815301076,1909f56bfc062723c751e8b465ee728b)  -> (artifact id: 'b760223909ecc9aadd5b61674b0e450e') in 0.002971 seconds 
========================================================================
Received Import Request.
  Time since last request: 1.792130 seconds.
  path: Assets/Scenes/scn_4Settings.lighting
  artifactKey: Guid(c141dbbb12f0ec94e8e6f972e97f4cd7) Importer(815301076,1909f56bfc062723c751e8b465ee728b)
Start importing Assets/Scenes/scn_4Settings.lighting using Guid(c141dbbb12f0ec94e8e6f972e97f4cd7) Importer(815301076,1909f56bfc062723c751e8b465ee728b)  -> (artifact id: 'ba70409f5ff31b15bbfc0a9cfbf2b2f3') in 0.040565 seconds 
========================================================================
Received Import Request.
  Time since last request: 14.256005 seconds.
  path: Assets/Scenes/scn_5.unity
  artifactKey: Guid(7539d4bef5b49c743989f11fb97ec12c) Importer(815301076,1909f56bfc062723c751e8b465ee728b)
Start importing Assets/Scenes/scn_5.unity using Guid(7539d4bef5b49c743989f11fb97ec12c) Importer(815301076,1909f56bfc062723c751e8b465ee728b)  -> (artifact id: 'b9d44a19ec93814bde297c60e46c0078') in 0.002687 seconds 
========================================================================
Received Import Request.
  Time since last request: 5.042692 seconds.
  path: Assets/Scenes/scn_6.unity
  artifactKey: Guid(8ccdf109ddbd6e94498db50a32e40ee4) Importer(815301076,1909f56bfc062723c751e8b465ee728b)
Start importing Assets/Scenes/scn_6.unity using Guid(8ccdf109ddbd6e94498db50a32e40ee4) Importer(815301076,1909f56bfc062723c751e8b465ee728b)  -> (artifact id: '182eb9c1fb1227c5ca7f26b85fec16cd') in 0.002506 seconds 
========================================================================
Received Import Request.
  Time since last request: 0.362894 seconds.
  path: Assets/Scenes/scn_7.unity
  artifactKey: Guid(3e1c47005538c7049b90d5789800fc92) Importer(815301076,1909f56bfc062723c751e8b465ee728b)
Start importing Assets/Scenes/scn_7.unity using Guid(3e1c47005538c7049b90d5789800fc92) Importer(815301076,1909f56bfc062723c751e8b465ee728b)  -> (artifact id: 'a54e6afe930c24538b1fb8c8865d6b63') in 0.002643 seconds 
========================================================================
Received Import Request.
  Time since last request: 8.540372 seconds.
  path: Assets/Scenes/scn_8.unity
  artifactKey: Guid(52e2b6dae1e14ee40a5bd520a477feb1) Importer(815301076,1909f56bfc062723c751e8b465ee728b)
Start importing Assets/Scenes/scn_8.unity using Guid(52e2b6dae1e14ee40a5bd520a477feb1) Importer(815301076,1909f56bfc062723c751e8b465ee728b)  -> (artifact id: 'd11e6ce88e9787ad639fa0246f416a81') in 0.007629 seconds 
========================================================================
Received Import Request.
  Time since last request: 5.578240 seconds.
  path: Assets/Scenes/scn_9.unity
  artifactKey: Guid(4500c793bd3f21947a6a3dcd88d528ee) Importer(815301076,1909f56bfc062723c751e8b465ee728b)
Start importing Assets/Scenes/scn_9.unity using Guid(4500c793bd3f21947a6a3dcd88d528ee) Importer(815301076,1909f56bfc062723c751e8b465ee728b)  -> (artifact id: '0116593d7427130555804b6bd57d9ccd') in 0.002729 seconds 
========================================================================
Received Import Request.
  Time since last request: 7.126577 seconds.
  path: Assets/Scenes/scn_10.unity
  artifactKey: Guid(a7c620eaabc9e6944b13a09c1e728f34) Importer(815301076,1909f56bfc062723c751e8b465ee728b)
Start importing Assets/Scenes/scn_10.unity using Guid(a7c620eaabc9e6944b13a09c1e728f34) Importer(815301076,1909f56bfc062723c751e8b465ee728b)  -> (artifact id: '90842b4e476004aa5f7d838e4ecab15c') in 0.002570 seconds 
========================================================================
Received Import Request.
  Time since last request: 6.066065 seconds.
  path: Assets/Scenes/scn_11.unity
  artifactKey: Guid(1361bc1b82ac0604eafa0ff2f2c7d782) Importer(815301076,1909f56bfc062723c751e8b465ee728b)
Start importing Assets/Scenes/scn_11.unity using Guid(1361bc1b82ac0604eafa0ff2f2c7d782) Importer(815301076,1909f56bfc062723c751e8b465ee728b)  -> (artifact id: 'bc7228aea2f7b34c21e9171ad6b0165c') in 0.002699 seconds 
========================================================================
Received Import Request.
  Time since last request: 7.013469 seconds.
  path: Assets/Scenes/scn_12.unity
  artifactKey: Guid(e31dfa6768e767c4b97320cf3b07697d) Importer(815301076,1909f56bfc062723c751e8b465ee728b)
Start importing Assets/Scenes/scn_12.unity using Guid(e31dfa6768e767c4b97320cf3b07697d) Importer(815301076,1909f56bfc062723c751e8b465ee728b)  -> (artifact id: '365cf536f06eefa675e837315c066ee6') in 0.002578 seconds 
========================================================================
Received Import Request.
  Time since last request: 6.478031 seconds.
  path: Assets/Scenes/scn_13.unity
  artifactKey: Guid(8c0d5a9fd10a95c458338cdfb5a9e657) Importer(815301076,1909f56bfc062723c751e8b465ee728b)
Start importing Assets/Scenes/scn_13.unity using Guid(8c0d5a9fd10a95c458338cdfb5a9e657) Importer(815301076,1909f56bfc062723c751e8b465ee728b)  -> (artifact id: 'ac8aee7ab1d0e66d941f37c463f1c8a3') in 0.002666 seconds 
========================================================================
Received Import Request.
  Time since last request: 5.579875 seconds.
  path: Assets/Scenes/scn_14.unity
  artifactKey: Guid(9341c3a118910454fa0c0842c8b62f27) Importer(815301076,1909f56bfc062723c751e8b465ee728b)
Start importing Assets/Scenes/scn_14.unity using Guid(9341c3a118910454fa0c0842c8b62f27) Importer(815301076,1909f56bfc062723c751e8b465ee728b)  -> (artifact id: 'b8c81252fce69fff9f512428e1aebbe9') in 0.007892 seconds 
========================================================================
Received Import Request.
  Time since last request: 8.197179 seconds.
  path: Assets/Scenes/scn_15.unity
  artifactKey: Guid(bb54ca8e9dd3ce84596f1575d5e35075) Importer(815301076,1909f56bfc062723c751e8b465ee728b)
Start importing Assets/Scenes/scn_15.unity using Guid(bb54ca8e9dd3ce84596f1575d5e35075) Importer(815301076,1909f56bfc062723c751e8b465ee728b)  -> (artifact id: '3de33b7af9c7f7215cdb53a04016f61d') in 0.002804 seconds 
========================================================================
Received Import Request.
  Time since last request: 10.648107 seconds.
  path: Assets/Scenes/scn_16.unity
  artifactKey: Guid(e6ea675d968f7c7428e0e45cc68cb9ad) Importer(815301076,1909f56bfc062723c751e8b465ee728b)
Start importing Assets/Scenes/scn_16.unity using Guid(e6ea675d968f7c7428e0e45cc68cb9ad) Importer(815301076,1909f56bfc062723c751e8b465ee728b)  -> (artifact id: '2370e8c81e03ee33634306f59d070c66') in 0.002895 seconds 
========================================================================
Received Import Request.
  Time since last request: 7.193499 seconds.
  path: Assets/Scenes/scn_17.unity
  artifactKey: Guid(ad7a6946b2e1cd9418afb8628ab342ab) Importer(815301076,1909f56bfc062723c751e8b465ee728b)
Start importing Assets/Scenes/scn_17.unity using Guid(ad7a6946b2e1cd9418afb8628ab342ab) Importer(815301076,1909f56bfc062723c751e8b465ee728b)  -> (artifact id: 'a6f5609947cf75a61b9344347b950a00') in 0.002529 seconds 
========================================================================
Received Import Request.
  Time since last request: 6.708124 seconds.
  path: Assets/Scenes/scn_18.unity
  artifactKey: Guid(b3ba6648e1ea8b946b8bf386fa3c34a3) Importer(815301076,1909f56bfc062723c751e8b465ee728b)
Start importing Assets/Scenes/scn_18.unity using Guid(b3ba6648e1ea8b946b8bf386fa3c34a3) Importer(815301076,1909f56bfc062723c751e8b465ee728b)  -> (artifact id: 'a12577aa4cd2181f84b89f6c137bedea') in 0.002772 seconds 
========================================================================
Received Import Request.
  Time since last request: 7.426577 seconds.
  path: Assets/Scenes/scn_19.unity
  artifactKey: Guid(95f14401c4bc3004887f86d799276df7) Importer(815301076,1909f56bfc062723c751e8b465ee728b)
Start importing Assets/Scenes/scn_19.unity using Guid(95f14401c4bc3004887f86d799276df7) Importer(815301076,1909f56bfc062723c751e8b465ee728b)  -> (artifact id: '9553b71c172a5ba2a0aa0199c5528b9f') in 0.002800 seconds 
========================================================================
Received Import Request.
  Time since last request: 27.065219 seconds.
  path: Assets/Scenes/scn_2.unity
  artifactKey: Guid(a78c9004d5cd2b64f91beaa6ead44cf9) Importer(815301076,1909f56bfc062723c751e8b465ee728b)
Start importing Assets/Scenes/scn_2.unity using Guid(a78c9004d5cd2b64f91beaa6ead44cf9) Importer(815301076,1909f56bfc062723c751e8b465ee728b)  -> (artifact id: 'bc44ac5a9ecf3fc34f982042995efdb1') in 0.007425 seconds 
========================================================================
Received Import Request.
  Time since last request: 1.614917 seconds.
  path: Assets/Scenes/scn_1.unity
  artifactKey: Guid(a34c776ae591fa64585187fc99d7ef25) Importer(815301076,1909f56bfc062723c751e8b465ee728b)
Start importing Assets/Scenes/scn_1.unity using Guid(a34c776ae591fa64585187fc99d7ef25) Importer(815301076,1909f56bfc062723c751e8b465ee728b)  -> (artifact id: 'ccd5e3eecb3dab327f9e01fd6a609a88') in 0.002823 seconds 
========================================================================
Received Prepare
Registering precompiled user dll's ...
Registered in 0.010167 seconds.
Begin MonoManager ReloadAssembly
Symbol file LoadedFromMemory doesn't match image C:\Users\YBK\Documents\GitHub\Game-jam\Library\PackageCache\com.unity.visualscripting@1.8.0\Editor\VisualScripting.Core\Dependencies\YamlDotNet\Unity.VisualScripting.YamlDotNet.dll
Symbol file LoadedFromMemory doesn't match image C:\Users\YBK\Documents\GitHub\Game-jam\Library\PackageCache\com.unity.visualscripting@1.8.0\Editor\VisualScripting.Core\Dependencies\DotNetZip\Unity.VisualScripting.IonicZip.dll
Native extension for WindowsStandalone target not found
Native extension for Android target not found
Native extension for WebGL target not found
Refreshing native plugins compatible for Editor in 0.71 ms, found 4 plugins.
Preloading 0 native plugins for Editor in 0.00 ms.
Mono: successfully reloaded assembly
- Completed reload, in  0.843 seconds
Domain Reload Profiling:
	ReloadAssembly (843ms)
		BeginReloadAssembly (143ms)
			ExecutionOrderSort (0ms)
			DisableScriptedObjects (5ms)
			BackupInstance (0ms)
			ReleaseScriptingObjects (0ms)
			CreateAndSetChildDomain (34ms)
		EndReloadAssembly (611ms)
			LoadAssemblies (111ms)
			RebuildTransferFunctionScriptingTraits (0ms)
			SetupTypeCache (171ms)
			ReleaseScriptCaches (1ms)
			RebuildScriptCaches (35ms)
			SetupLoadedEditorAssemblies (273ms)
				LogAssemblyErrors (0ms)
				InitializePlatformSupportModulesInManaged (19ms)
				SetLoadedEditorAssemblies (0ms)
				RefreshPlugins (1ms)
				BeforeProcessingInitializeOnLoad (68ms)
				ProcessInitializeOnLoadAttributes (146ms)
				ProcessInitializeOnLoadMethodAttributes (26ms)
				AfterProcessingInitializeOnLoad (12ms)
				EditorAssembliesLoaded (0ms)
			ExecutionOrderSort2 (0ms)
			AwakeInstancesAfterBackupRestoration (12ms)
Platform modules already initialized, skipping
Refreshing native plugins compatible for Editor in 2.74 ms, found 4 plugins.
Preloading 0 native plugins for Editor in 0.00 ms.
Unloading 3747 Unused Serialized files (Serialized files now loaded: 0)
Unloading 28 unused Assets / (195.6 KB). Loaded Objects now: 4215.
Memory consumption went from 142.8 MB to 142.6 MB.
Total: 2.903600 ms (FindLiveObjects: 0.263900 ms CreateObjectMapping: 0.104500 ms MarkObjects: 2.396100 ms  DeleteObjects: 0.138000 ms)

AssetImportParameters requested are different than current active one (requested -> active):
  custom:video-decoder-ogg-theora: a1e56fd34408186e4bbccfd4996cb3dc -> 
  custom:container-muxer-webm: aa71ff27fc2769a1b78a27578f13a17b -> 
  custom:container-demuxer-webm: 4f35f7cbe854078d1ac9338744f61a02 -> 
  custom:video-encoder-webm-vp8: eb34c28f22e8b96e1ab97ce403110664 -> 
  custom:audio-encoder-webm-vorbis: bf7c407c2cedff20999df2af8eb42d56 -> 
  custom:framework-win-MediaFoundation: 216162199b28c13a410421893ffa2e32 -> 
  custom:container-demuxer-ogg: 62fdf1f143b41e24485cea50d1cbac27 -> 
  custom:video-decoder-webm-vp8: 9c59270c3fd7afecdb556c50c9e8de78 -> 
  custom:audio-decoder-ogg-vorbis: bf7c407c2cedff20999df2af8eb42d56 -> 
========================================================================
Received Prepare
Refreshing native plugins compatible for Editor in 6.28 ms, found 4 plugins.
Preloading 0 native plugins for Editor in 0.00 ms.
Unloading 28 Unused Serialized files (Serialized files now loaded: 0)
Unloading 28 unused Assets / (193.0 KB). Loaded Objects now: 4215.
Memory consumption went from 68.4 MB to 68.2 MB.
Total: 2.527200 ms (FindLiveObjects: 0.214500 ms CreateObjectMapping: 0.157700 ms MarkObjects: 2.042100 ms  DeleteObjects: 0.112300 ms)

AssetImportParameters requested are different than current active one (requested -> active):
  custom:video-decoder-ogg-theora: a1e56fd34408186e4bbccfd4996cb3dc -> 
  custom:container-muxer-webm: aa71ff27fc2769a1b78a27578f13a17b -> 
  custom:container-demuxer-webm: 4f35f7cbe854078d1ac9338744f61a02 -> 
  custom:video-encoder-webm-vp8: eb34c28f22e8b96e1ab97ce403110664 -> 
  custom:audio-encoder-webm-vorbis: bf7c407c2cedff20999df2af8eb42d56 -> 
  custom:framework-win-MediaFoundation: 216162199b28c13a410421893ffa2e32 -> 
  custom:container-demuxer-ogg: 62fdf1f143b41e24485cea50d1cbac27 -> 
  custom:video-decoder-webm-vp8: 9c59270c3fd7afecdb556c50c9e8de78 -> 
  custom:audio-decoder-ogg-vorbis: bf7c407c2cedff20999df2af8eb42d56 -> 
